20170918 18:14:34;D:\workfolder\GitHub\SVStressTool\Commands\RU3ACTIV.scn01;
20170918 18:14:35;CON=RU3ACTIV.AUT;start;;
20170918 18:14:35;vConnCount6;
20170918 18:14:35;Start Login ;
20170918 18:14:36;Stop Login ;
20170918 18:14:36;CON=RU3ACTIV.AUT;finished;3714920076;
20170918 18:14:37;MDX=RU3ACTIV_01.MDX;start;;
20170918 18:14:38;RU3ACTIV_01.MDX;1;
20170918 18:14:38;MDX=RU3ACTIV_01.MDX;finished;3714920078;
20170918 18:14:39;MDX=RU3ACTIV_02.MDX;start;;
20170918 18:14:39;RU3ACTIV_02.MDX;#err: The reference to entity "INP_ACT_EXT" must end with the ';' delimiter.;
20170918 18:14:39;MDX=RU3ACTIV_02.MDX;finished;3714920079;
20170918 18:14:40;MDX=RU3ACTIV_03.MDX;start;;
20170918 18:14:40;RU3ACTIV_03.MDX;#err: The reference to entity "INP_ACT_EXT" must end with the ';' delimiter.;
20170918 18:14:40;MDX=RU3ACTIV_03.MDX;finished;3714920080;
20170918 18:14:40;MDX=RU3ACTIV_04.MDX;start;;
20170918 18:14:40;RU3ACTIV_04.MDX;#err: Essbase Error (1260046): Unknown Member LOCAL used in query;
20170918 18:14:40;MDX=RU3ACTIV_04.MDX;finished;3714920080;
20170918 18:14:40;MDX=RU3ACTIV_05.MDX;start;;
20170918 18:14:40;RU3ACTIV_05.MDX;#err: Essbase Error (1260046): Unknown Member BG_TOT used in query;
20170918 18:14:40;MDX=RU3ACTIV_05.MDX;finished;3714920080;
20170918 18:14:41;MDX=RU3ACTIV_06.MDX;start;;
20170918 18:14:42;RU3ACTIV_06.MDX;1;
20170918 18:14:42;MDX=RU3ACTIV_06.MDX;finished;3714920082;
20170918 18:14:42;MDX=RU3ACTIV_07.MDX;start;;
20170918 18:14:42;RU3ACTIV_07.MDX;#err: Essbase Error (1260046): Unknown Member CA_5000 used in query;
20170918 18:14:42;MDX=RU3ACTIV_07.MDX;finished;3714920082;
20170918 18:14:42;MDX=RU3ACTIV_08.MDX;start;;
20170918 18:14:42;RU3ACTIV_08.MDX;1;
20170918 18:14:42;MDX=RU3ACTIV_08.MDX;finished;3714920082;
20170918 18:14:43;MDX=RU3ACTIV_09.MDX;start;;
20170918 18:14:43;Can't find mdx file D:\workfolder\GitHub\SVStressTool\mdx\RU3ACTIV_09.MDX;
20170918 18:14:43;MDX=RU3ACTIV_09.MDX;finished;3714920083;
20170918 18:14:44;MDX=RU3ACTIV_10.MDX;start;;
20170918 18:14:45;RU3ACTIV_10.MDX;1;
20170918 18:14:45;MDX=RU3ACTIV_10.MDX;finished;3714920085;
20170918 18:14:45;MDX=RU3ACTIV_11.MDX;start;;
20170918 18:14:45;RU3ACTIV_11.MDX;#err: The reference to entity "CUR_MTH" must end with the ';' delimiter.;
20170918 18:14:45;MDX=RU3ACTIV_11.MDX;finished;3714920085;
